<?xml version="1.0" encoding="UTF-8"?>
<testsuite xmlns:xsi="http://www.w3.org/2001/XMLSchema-instance" xsi:noNamespaceSchemaLocation="https://maven.apache.org/surefire/maven-surefire-plugin/xsd/surefire-test-report-3.0.xsd" version="3.0" name="com.luv2code.springdemo.mvc.ValidationdemoApplicationTests" time="2.144" tests="1" errors="0" skipped="0" failures="0">
  <properties>
    <property name="java.specification.version" value="21"/>
    <property name="sun.jnu.encoding" value="UTF-8"/>
    <property name="java.class.path" value="/home/hcm-mki-l2077/dev-spring-boot/spring-mvc/validationdemo/target/test-classes:/home/hcm-mki-l2077/dev-spring-boot/spring-mvc/validationdemo/target/classes:/home/hcm-mki-l2077/.m2/repository/org/springframework/boot/spring-boot-starter-thymeleaf/3.1.4/spring-boot-starter-thymeleaf-3.1.4.jar:/home/hcm-mki-l2077/.m2/repository/org/springframework/boot/spring-boot-starter/3.1.4/spring-boot-starter-3.1.4.jar:/home/hcm-mki-l2077/.m2/repository/org/springframework/boot/spring-boot-starter-logging/3.1.4/spring-boot-starter-logging-3.1.4.jar:/home/hcm-mki-l2077/.m2/repository/ch/qos/logback/logback-classic/1.4.11/logback-classic-1.4.11.jar:/home/hcm-mki-l2077/.m2/repository/ch/qos/logback/logback-core/1.4.11/logback-core-1.4.11.jar:/home/hcm-mki-l2077/.m2/repository/org/apache/logging/log4j/log4j-to-slf4j/2.20.0/log4j-to-slf4j-2.20.0.jar:/home/hcm-mki-l2077/.m2/repository/org/apache/logging/log4j/log4j-api/2.20.0/log4j-api-2.20.0.jar:/home/hcm-mki-l2077/.m2/repository/org/slf4j/jul-to-slf4j/2.0.9/jul-to-slf4j-2.0.9.jar:/home/hcm-mki-l2077/.m2/repository/jakarta/annotation/jakarta.annotation-api/2.1.1/jakarta.annotation-api-2.1.1.jar:/home/hcm-mki-l2077/.m2/repository/org/yaml/snakeyaml/1.33/snakeyaml-1.33.jar:/home/hcm-mki-l2077/.m2/repository/org/thymeleaf/thymeleaf-spring6/3.1.2.RELEASE/thymeleaf-spring6-3.1.2.RELEASE.jar:/home/hcm-mki-l2077/.m2/repository/org/thymeleaf/thymeleaf/3.1.2.RELEASE/thymeleaf-3.1.2.RELEASE.jar:/home/hcm-mki-l2077/.m2/repository/org/attoparser/attoparser/2.0.7.RELEASE/attoparser-2.0.7.RELEASE.jar:/home/hcm-mki-l2077/.m2/repository/org/unbescape/unbescape/1.1.6.RELEASE/unbescape-1.1.6.RELEASE.jar:/home/hcm-mki-l2077/.m2/repository/org/slf4j/slf4j-api/2.0.9/slf4j-api-2.0.9.jar:/home/hcm-mki-l2077/.m2/repository/org/springframework/boot/spring-boot-starter-validation/3.1.4/spring-boot-starter-validation-3.1.4.jar:/home/hcm-mki-l2077/.m2/repository/org/apache/tomcat/embed/tomcat-embed-el/10.1.13/tomcat-embed-el-10.1.13.jar:/home/hcm-mki-l2077/.m2/repository/org/hibernate/validator/hibernate-validator/8.0.1.Final/hibernate-validator-8.0.1.Final.jar:/home/hcm-mki-l2077/.m2/repository/jakarta/validation/jakarta.validation-api/3.0.2/jakarta.validation-api-3.0.2.jar:/home/hcm-mki-l2077/.m2/repository/org/jboss/logging/jboss-logging/3.5.3.Final/jboss-logging-3.5.3.Final.jar:/home/hcm-mki-l2077/.m2/repository/com/fasterxml/classmate/1.5.1/classmate-1.5.1.jar:/home/hcm-mki-l2077/.m2/repository/org/springframework/boot/spring-boot-starter-web/3.1.4/spring-boot-starter-web-3.1.4.jar:/home/hcm-mki-l2077/.m2/repository/org/springframework/boot/spring-boot-starter-json/3.1.4/spring-boot-starter-json-3.1.4.jar:/home/hcm-mki-l2077/.m2/repository/com/fasterxml/jackson/core/jackson-databind/2.15.2/jackson-databind-2.15.2.jar:/home/hcm-mki-l2077/.m2/repository/com/fasterxml/jackson/core/jackson-annotations/2.15.2/jackson-annotations-2.15.2.jar:/home/hcm-mki-l2077/.m2/repository/com/fasterxml/jackson/core/jackson-core/2.15.2/jackson-core-2.15.2.jar:/home/hcm-mki-l2077/.m2/repository/com/fasterxml/jackson/datatype/jackson-datatype-jdk8/2.15.2/jackson-datatype-jdk8-2.15.2.jar:/home/hcm-mki-l2077/.m2/repository/com/fasterxml/jackson/datatype/jackson-datatype-jsr310/2.15.2/jackson-datatype-jsr310-2.15.2.jar:/home/hcm-mki-l2077/.m2/repository/com/fasterxml/jackson/module/jackson-module-parameter-names/2.15.2/jackson-module-parameter-names-2.15.2.jar:/home/hcm-mki-l2077/.m2/repository/org/springframework/boot/spring-boot-starter-tomcat/3.1.4/spring-boot-starter-tomcat-3.1.4.jar:/home/hcm-mki-l2077/.m2/repository/org/apache/tomcat/embed/tomcat-embed-core/10.1.13/tomcat-embed-core-10.1.13.jar:/home/hcm-mki-l2077/.m2/repository/org/apache/tomcat/embed/tomcat-embed-websocket/10.1.13/tomcat-embed-websocket-10.1.13.jar:/home/hcm-mki-l2077/.m2/repository/org/springframework/spring-web/6.0.12/spring-web-6.0.12.jar:/home/hcm-mki-l2077/.m2/repository/org/springframework/spring-beans/6.0.12/spring-beans-6.0.12.jar:/home/hcm-mki-l2077/.m2/repository/io/micrometer/micrometer-observation/1.11.4/micrometer-observation-1.11.4.jar:/home/hcm-mki-l2077/.m2/repository/io/micrometer/micrometer-commons/1.11.4/micrometer-commons-1.11.4.jar:/home/hcm-mki-l2077/.m2/repository/org/springframework/spring-webmvc/6.0.12/spring-webmvc-6.0.12.jar:/home/hcm-mki-l2077/.m2/repository/org/springframework/spring-aop/6.0.12/spring-aop-6.0.12.jar:/home/hcm-mki-l2077/.m2/repository/org/springframework/spring-context/6.0.12/spring-context-6.0.12.jar:/home/hcm-mki-l2077/.m2/repository/org/springframework/spring-expression/6.0.12/spring-expression-6.0.12.jar:/home/hcm-mki-l2077/.m2/repository/org/springframework/boot/spring-boot-devtools/3.1.4/spring-boot-devtools-3.1.4.jar:/home/hcm-mki-l2077/.m2/repository/org/springframework/boot/spring-boot/3.1.4/spring-boot-3.1.4.jar:/home/hcm-mki-l2077/.m2/repository/org/springframework/boot/spring-boot-autoconfigure/3.1.4/spring-boot-autoconfigure-3.1.4.jar:/home/hcm-mki-l2077/.m2/repository/org/springframework/boot/spring-boot-starter-test/3.1.4/spring-boot-starter-test-3.1.4.jar:/home/hcm-mki-l2077/.m2/repository/org/springframework/boot/spring-boot-test/3.1.4/spring-boot-test-3.1.4.jar:/home/hcm-mki-l2077/.m2/repository/org/springframework/boot/spring-boot-test-autoconfigure/3.1.4/spring-boot-test-autoconfigure-3.1.4.jar:/home/hcm-mki-l2077/.m2/repository/com/jayway/jsonpath/json-path/2.8.0/json-path-2.8.0.jar:/home/hcm-mki-l2077/.m2/repository/jakarta/xml/bind/jakarta.xml.bind-api/4.0.1/jakarta.xml.bind-api-4.0.1.jar:/home/hcm-mki-l2077/.m2/repository/jakarta/activation/jakarta.activation-api/2.1.2/jakarta.activation-api-2.1.2.jar:/home/hcm-mki-l2077/.m2/repository/net/minidev/json-smart/2.4.11/json-smart-2.4.11.jar:/home/hcm-mki-l2077/.m2/repository/net/minidev/accessors-smart/2.4.11/accessors-smart-2.4.11.jar:/home/hcm-mki-l2077/.m2/repository/org/ow2/asm/asm/9.3/asm-9.3.jar:/home/hcm-mki-l2077/.m2/repository/org/assertj/assertj-core/3.24.2/assertj-core-3.24.2.jar:/home/hcm-mki-l2077/.m2/repository/net/bytebuddy/byte-buddy/1.14.8/byte-buddy-1.14.8.jar:/home/hcm-mki-l2077/.m2/repository/org/hamcrest/hamcrest/2.2/hamcrest-2.2.jar:/home/hcm-mki-l2077/.m2/repository/org/junit/jupiter/junit-jupiter/5.9.3/junit-jupiter-5.9.3.jar:/home/hcm-mki-l2077/.m2/repository/org/junit/jupiter/junit-jupiter-api/5.9.3/junit-jupiter-api-5.9.3.jar:/home/hcm-mki-l2077/.m2/repository/org/opentest4j/opentest4j/1.2.0/opentest4j-1.2.0.jar:/home/hcm-mki-l2077/.m2/repository/org/junit/platform/junit-platform-commons/1.9.3/junit-platform-commons-1.9.3.jar:/home/hcm-mki-l2077/.m2/repository/org/apiguardian/apiguardian-api/1.1.2/apiguardian-api-1.1.2.jar:/home/hcm-mki-l2077/.m2/repository/org/junit/jupiter/junit-jupiter-params/5.9.3/junit-jupiter-params-5.9.3.jar:/home/hcm-mki-l2077/.m2/repository/org/junit/jupiter/junit-jupiter-engine/5.9.3/junit-jupiter-engine-5.9.3.jar:/home/hcm-mki-l2077/.m2/repository/org/junit/platform/junit-platform-engine/1.9.3/junit-platform-engine-1.9.3.jar:/home/hcm-mki-l2077/.m2/repository/org/mockito/mockito-core/5.3.1/mockito-core-5.3.1.jar:/home/hcm-mki-l2077/.m2/repository/net/bytebuddy/byte-buddy-agent/1.14.8/byte-buddy-agent-1.14.8.jar:/home/hcm-mki-l2077/.m2/repository/org/objenesis/objenesis/3.3/objenesis-3.3.jar:/home/hcm-mki-l2077/.m2/repository/org/mockito/mockito-junit-jupiter/5.3.1/mockito-junit-jupiter-5.3.1.jar:/home/hcm-mki-l2077/.m2/repository/org/skyscreamer/jsonassert/1.5.1/jsonassert-1.5.1.jar:/home/hcm-mki-l2077/.m2/repository/com/vaadin/external/google/android-json/0.0.20131108.vaadin1/android-json-0.0.20131108.vaadin1.jar:/home/hcm-mki-l2077/.m2/repository/org/springframework/spring-core/6.0.12/spring-core-6.0.12.jar:/home/hcm-mki-l2077/.m2/repository/org/springframework/spring-jcl/6.0.12/spring-jcl-6.0.12.jar:/home/hcm-mki-l2077/.m2/repository/org/springframework/spring-test/6.0.12/spring-test-6.0.12.jar:/home/hcm-mki-l2077/.m2/repository/org/xmlunit/xmlunit-core/2.9.1/xmlunit-core-2.9.1.jar:/home/hcm-mki-l2077/.m2/repository/org/jetbrains/annotations/24.0.1/annotations-24.0.1.jar:"/>
    <property name="java.vm.vendor" value="Oracle Corporation"/>
    <property name="sun.arch.data.model" value="64"/>
    <property name="java.vendor.url" value="https://java.oracle.com/"/>
    <property name="user.timezone" value="Asia/Ho_Chi_Minh"/>
    <property name="org.jboss.logging.provider" value="slf4j"/>
    <property name="os.name" value="Linux"/>
    <property name="java.vm.specification.version" value="21"/>
    <property name="sun.java.launcher" value="SUN_STANDARD"/>
    <property name="user.country" value="US"/>
    <property name="sun.boot.library.path" value="/usr/lib/jvm/jdk-21-oracle-x64/lib"/>
    <property name="sun.java.command" value="/home/hcm-mki-l2077/dev-spring-boot/spring-mvc/validationdemo/target/surefire/surefirebooter-20231017094222890_3.jar /home/hcm-mki-l2077/dev-spring-boot/spring-mvc/validationdemo/target/surefire 2023-10-17T09-42-22_797-jvmRun1 surefire-20231017094222890_1tmp surefire_0-20231017094222890_2tmp"/>
    <property name="jdk.debug" value="release"/>
    <property name="surefire.test.class.path" value="/home/hcm-mki-l2077/dev-spring-boot/spring-mvc/validationdemo/target/test-classes:/home/hcm-mki-l2077/dev-spring-boot/spring-mvc/validationdemo/target/classes:/home/hcm-mki-l2077/.m2/repository/org/springframework/boot/spring-boot-starter-thymeleaf/3.1.4/spring-boot-starter-thymeleaf-3.1.4.jar:/home/hcm-mki-l2077/.m2/repository/org/springframework/boot/spring-boot-starter/3.1.4/spring-boot-starter-3.1.4.jar:/home/hcm-mki-l2077/.m2/repository/org/springframework/boot/spring-boot-starter-logging/3.1.4/spring-boot-starter-logging-3.1.4.jar:/home/hcm-mki-l2077/.m2/repository/ch/qos/logback/logback-classic/1.4.11/logback-classic-1.4.11.jar:/home/hcm-mki-l2077/.m2/repository/ch/qos/logback/logback-core/1.4.11/logback-core-1.4.11.jar:/home/hcm-mki-l2077/.m2/repository/org/apache/logging/log4j/log4j-to-slf4j/2.20.0/log4j-to-slf4j-2.20.0.jar:/home/hcm-mki-l2077/.m2/repository/org/apache/logging/log4j/log4j-api/2.20.0/log4j-api-2.20.0.jar:/home/hcm-mki-l2077/.m2/repository/org/slf4j/jul-to-slf4j/2.0.9/jul-to-slf4j-2.0.9.jar:/home/hcm-mki-l2077/.m2/repository/jakarta/annotation/jakarta.annotation-api/2.1.1/jakarta.annotation-api-2.1.1.jar:/home/hcm-mki-l2077/.m2/repository/org/yaml/snakeyaml/1.33/snakeyaml-1.33.jar:/home/hcm-mki-l2077/.m2/repository/org/thymeleaf/thymeleaf-spring6/3.1.2.RELEASE/thymeleaf-spring6-3.1.2.RELEASE.jar:/home/hcm-mki-l2077/.m2/repository/org/thymeleaf/thymeleaf/3.1.2.RELEASE/thymeleaf-3.1.2.RELEASE.jar:/home/hcm-mki-l2077/.m2/repository/org/attoparser/attoparser/2.0.7.RELEASE/attoparser-2.0.7.RELEASE.jar:/home/hcm-mki-l2077/.m2/repository/org/unbescape/unbescape/1.1.6.RELEASE/unbescape-1.1.6.RELEASE.jar:/home/hcm-mki-l2077/.m2/repository/org/slf4j/slf4j-api/2.0.9/slf4j-api-2.0.9.jar:/home/hcm-mki-l2077/.m2/repository/org/springframework/boot/spring-boot-starter-validation/3.1.4/spring-boot-starter-validation-3.1.4.jar:/home/hcm-mki-l2077/.m2/repository/org/apache/tomcat/embed/tomcat-embed-el/10.1.13/tomcat-embed-el-10.1.13.jar:/home/hcm-mki-l2077/.m2/repository/org/hibernate/validator/hibernate-validator/8.0.1.Final/hibernate-validator-8.0.1.Final.jar:/home/hcm-mki-l2077/.m2/repository/jakarta/validation/jakarta.validation-api/3.0.2/jakarta.validation-api-3.0.2.jar:/home/hcm-mki-l2077/.m2/repository/org/jboss/logging/jboss-logging/3.5.3.Final/jboss-logging-3.5.3.Final.jar:/home/hcm-mki-l2077/.m2/repository/com/fasterxml/classmate/1.5.1/classmate-1.5.1.jar:/home/hcm-mki-l2077/.m2/repository/org/springframework/boot/spring-boot-starter-web/3.1.4/spring-boot-starter-web-3.1.4.jar:/home/hcm-mki-l2077/.m2/repository/org/springframework/boot/spring-boot-starter-json/3.1.4/spring-boot-starter-json-3.1.4.jar:/home/hcm-mki-l2077/.m2/repository/com/fasterxml/jackson/core/jackson-databind/2.15.2/jackson-databind-2.15.2.jar:/home/hcm-mki-l2077/.m2/repository/com/fasterxml/jackson/core/jackson-annotations/2.15.2/jackson-annotations-2.15.2.jar:/home/hcm-mki-l2077/.m2/repository/com/fasterxml/jackson/core/jackson-core/2.15.2/jackson-core-2.15.2.jar:/home/hcm-mki-l2077/.m2/repository/com/fasterxml/jackson/datatype/jackson-datatype-jdk8/2.15.2/jackson-datatype-jdk8-2.15.2.jar:/home/hcm-mki-l2077/.m2/repository/com/fasterxml/jackson/datatype/jackson-datatype-jsr310/2.15.2/jackson-datatype-jsr310-2.15.2.jar:/home/hcm-mki-l2077/.m2/repository/com/fasterxml/jackson/module/jackson-module-parameter-names/2.15.2/jackson-module-parameter-names-2.15.2.jar:/home/hcm-mki-l2077/.m2/repository/org/springframework/boot/spring-boot-starter-tomcat/3.1.4/spring-boot-starter-tomcat-3.1.4.jar:/home/hcm-mki-l2077/.m2/repository/org/apache/tomcat/embed/tomcat-embed-core/10.1.13/tomcat-embed-core-10.1.13.jar:/home/hcm-mki-l2077/.m2/repository/org/apache/tomcat/embed/tomcat-embed-websocket/10.1.13/tomcat-embed-websocket-10.1.13.jar:/home/hcm-mki-l2077/.m2/repository/org/springframework/spring-web/6.0.12/spring-web-6.0.12.jar:/home/hcm-mki-l2077/.m2/repository/org/springframework/spring-beans/6.0.12/spring-beans-6.0.12.jar:/home/hcm-mki-l2077/.m2/repository/io/micrometer/micrometer-observation/1.11.4/micrometer-observation-1.11.4.jar:/home/hcm-mki-l2077/.m2/repository/io/micrometer/micrometer-commons/1.11.4/micrometer-commons-1.11.4.jar:/home/hcm-mki-l2077/.m2/repository/org/springframework/spring-webmvc/6.0.12/spring-webmvc-6.0.12.jar:/home/hcm-mki-l2077/.m2/repository/org/springframework/spring-aop/6.0.12/spring-aop-6.0.12.jar:/home/hcm-mki-l2077/.m2/repository/org/springframework/spring-context/6.0.12/spring-context-6.0.12.jar:/home/hcm-mki-l2077/.m2/repository/org/springframework/spring-expression/6.0.12/spring-expression-6.0.12.jar:/home/hcm-mki-l2077/.m2/repository/org/springframework/boot/spring-boot-devtools/3.1.4/spring-boot-devtools-3.1.4.jar:/home/hcm-mki-l2077/.m2/repository/org/springframework/boot/spring-boot/3.1.4/spring-boot-3.1.4.jar:/home/hcm-mki-l2077/.m2/repository/org/springframework/boot/spring-boot-autoconfigure/3.1.4/spring-boot-autoconfigure-3.1.4.jar:/home/hcm-mki-l2077/.m2/repository/org/springframework/boot/spring-boot-starter-test/3.1.4/spring-boot-starter-test-3.1.4.jar:/home/hcm-mki-l2077/.m2/repository/org/springframework/boot/spring-boot-test/3.1.4/spring-boot-test-3.1.4.jar:/home/hcm-mki-l2077/.m2/repository/org/springframework/boot/spring-boot-test-autoconfigure/3.1.4/spring-boot-test-autoconfigure-3.1.4.jar:/home/hcm-mki-l2077/.m2/repository/com/jayway/jsonpath/json-path/2.8.0/json-path-2.8.0.jar:/home/hcm-mki-l2077/.m2/repository/jakarta/xml/bind/jakarta.xml.bind-api/4.0.1/jakarta.xml.bind-api-4.0.1.jar:/home/hcm-mki-l2077/.m2/repository/jakarta/activation/jakarta.activation-api/2.1.2/jakarta.activation-api-2.1.2.jar:/home/hcm-mki-l2077/.m2/repository/net/minidev/json-smart/2.4.11/json-smart-2.4.11.jar:/home/hcm-mki-l2077/.m2/repository/net/minidev/accessors-smart/2.4.11/accessors-smart-2.4.11.jar:/home/hcm-mki-l2077/.m2/repository/org/ow2/asm/asm/9.3/asm-9.3.jar:/home/hcm-mki-l2077/.m2/repository/org/assertj/assertj-core/3.24.2/assertj-core-3.24.2.jar:/home/hcm-mki-l2077/.m2/repository/net/bytebuddy/byte-buddy/1.14.8/byte-buddy-1.14.8.jar:/home/hcm-mki-l2077/.m2/repository/org/hamcrest/hamcrest/2.2/hamcrest-2.2.jar:/home/hcm-mki-l2077/.m2/repository/org/junit/jupiter/junit-jupiter/5.9.3/junit-jupiter-5.9.3.jar:/home/hcm-mki-l2077/.m2/repository/org/junit/jupiter/junit-jupiter-api/5.9.3/junit-jupiter-api-5.9.3.jar:/home/hcm-mki-l2077/.m2/repository/org/opentest4j/opentest4j/1.2.0/opentest4j-1.2.0.jar:/home/hcm-mki-l2077/.m2/repository/org/junit/platform/junit-platform-commons/1.9.3/junit-platform-commons-1.9.3.jar:/home/hcm-mki-l2077/.m2/repository/org/apiguardian/apiguardian-api/1.1.2/apiguardian-api-1.1.2.jar:/home/hcm-mki-l2077/.m2/repository/org/junit/jupiter/junit-jupiter-params/5.9.3/junit-jupiter-params-5.9.3.jar:/home/hcm-mki-l2077/.m2/repository/org/junit/jupiter/junit-jupiter-engine/5.9.3/junit-jupiter-engine-5.9.3.jar:/home/hcm-mki-l2077/.m2/repository/org/junit/platform/junit-platform-engine/1.9.3/junit-platform-engine-1.9.3.jar:/home/hcm-mki-l2077/.m2/repository/org/mockito/mockito-core/5.3.1/mockito-core-5.3.1.jar:/home/hcm-mki-l2077/.m2/repository/net/bytebuddy/byte-buddy-agent/1.14.8/byte-buddy-agent-1.14.8.jar:/home/hcm-mki-l2077/.m2/repository/org/objenesis/objenesis/3.3/objenesis-3.3.jar:/home/hcm-mki-l2077/.m2/repository/org/mockito/mockito-junit-jupiter/5.3.1/mockito-junit-jupiter-5.3.1.jar:/home/hcm-mki-l2077/.m2/repository/org/skyscreamer/jsonassert/1.5.1/jsonassert-1.5.1.jar:/home/hcm-mki-l2077/.m2/repository/com/vaadin/external/google/android-json/0.0.20131108.vaadin1/android-json-0.0.20131108.vaadin1.jar:/home/hcm-mki-l2077/.m2/repository/org/springframework/spring-core/6.0.12/spring-core-6.0.12.jar:/home/hcm-mki-l2077/.m2/repository/org/springframework/spring-jcl/6.0.12/spring-jcl-6.0.12.jar:/home/hcm-mki-l2077/.m2/repository/org/springframework/spring-test/6.0.12/spring-test-6.0.12.jar:/home/hcm-mki-l2077/.m2/repository/org/xmlunit/xmlunit-core/2.9.1/xmlunit-core-2.9.1.jar:/home/hcm-mki-l2077/.m2/repository/org/jetbrains/annotations/24.0.1/annotations-24.0.1.jar:"/>
    <property name="sun.cpu.endian" value="little"/>
    <property name="user.home" value="/home/hcm-mki-l2077"/>
    <property name="user.language" value="en"/>
    <property name="java.specification.vendor" value="Oracle Corporation"/>
    <property name="java.version.date" value="2023-09-19"/>
    <property name="java.home" value="/usr/lib/jvm/jdk-21-oracle-x64"/>
    <property name="file.separator" value="/"/>
    <property name="basedir" value="/home/hcm-mki-l2077/dev-spring-boot/spring-mvc/validationdemo"/>
    <property name="java.vm.compressedOopsMode" value="32-bit"/>
    <property name="line.separator" value="&#10;"/>
    <property name="java.vm.specification.vendor" value="Oracle Corporation"/>
    <property name="java.specification.name" value="Java Platform API Specification"/>
    <property name="FILE_LOG_CHARSET" value="UTF-8"/>
    <property name="java.awt.headless" value="true"/>
    <property name="surefire.real.class.path" value="/home/hcm-mki-l2077/dev-spring-boot/spring-mvc/validationdemo/target/surefire/surefirebooter-20231017094222890_3.jar"/>
    <property name="sun.management.compiler" value="HotSpot 64-Bit Tiered Compilers"/>
    <property name="java.runtime.version" value="21+35-LTS-2513"/>
    <property name="user.name" value="hcm-mki-l2077"/>
    <property name="stdout.encoding" value="UTF-8"/>
    <property name="path.separator" value=":"/>
    <property name="os.version" value="5.15.0-86-generic"/>
    <property name="java.runtime.name" value="Java(TM) SE Runtime Environment"/>
    <property name="file.encoding" value="UTF-8"/>
    <property name="java.vm.name" value="Java HotSpot(TM) 64-Bit Server VM"/>
    <property name="localRepository" value="/home/hcm-mki-l2077/.m2/repository"/>
    <property name="java.vendor.url.bug" value="https://bugreport.java.com/bugreport/"/>
    <property name="java.io.tmpdir" value="/tmp"/>
    <property name="idea.version" value="2023.2.3"/>
    <property name="java.version" value="21"/>
    <property name="user.dir" value="/home/hcm-mki-l2077/dev-spring-boot/spring-mvc/validationdemo"/>
    <property name="os.arch" value="amd64"/>
    <property name="java.vm.specification.name" value="Java Virtual Machine Specification"/>
    <property name="PID" value="13178"/>
    <property name="CONSOLE_LOG_CHARSET" value="UTF-8"/>
    <property name="native.encoding" value="UTF-8"/>
    <property name="java.library.path" value="/usr/java/packages/lib:/usr/lib64:/lib64:/lib:/usr/lib"/>
    <property name="java.vm.info" value="mixed mode, sharing"/>
    <property name="stderr.encoding" value="UTF-8"/>
    <property name="java.vendor" value="Oracle Corporation"/>
    <property name="java.vm.version" value="21+35-LTS-2513"/>
    <property name="sun.io.unicode.encoding" value="UnicodeLittle"/>
    <property name="java.class.version" value="65.0"/>
  </properties>
  <testcase name="contextLoads" classname="com.luv2code.springdemo.mvc.ValidationdemoApplicationTests" time="0.667">
    <system-out><![CDATA[09:42:23.516 [main] INFO org.springframework.test.context.support.AnnotationConfigContextLoaderUtils -- Could not detect default configuration classes for test class [com.luv2code.springdemo.mvc.ValidationdemoApplicationTests]: ValidationdemoApplicationTests does not declare any static, non-private, non-final, nested classes annotated with @Configuration.
09:42:23.609 [main] INFO org.springframework.boot.test.context.SpringBootTestContextBootstrapper -- Found @SpringBootConfiguration com.luv2code.springdemo.mvc.ValidationdemoApplication for test class com.luv2code.springdemo.mvc.ValidationdemoApplicationTests

  .   ____          _            __ _ _
 /\\ / ___'_ __ _ _(_)_ __  __ _ \ \ \ \
( ( )\___ | '_ | '_| | '_ \/ _` | \ \ \ \
 \\/  ___)| |_)| | | | | || (_| |  ) ) ) )
  '  |____| .__|_| |_|_| |_\__, | / / / /
 =========|_|==============|___/=/_/_/_/
 :: Spring Boot ::                (v3.1.4)

2023-10-17T09:42:23.932+07:00  INFO 13178 --- [           main] c.l.s.m.ValidationdemoApplicationTests   : Starting ValidationdemoApplicationTests using Java 21 with PID 13178 (started by hcm-mki-l2077 in /home/hcm-mki-l2077/dev-spring-boot/spring-mvc/validationdemo)
2023-10-17T09:42:23.933+07:00  INFO 13178 --- [           main] c.l.s.m.ValidationdemoApplicationTests   : No active profile set, falling back to 1 default profile: "default"
2023-10-17T09:42:24.784+07:00  WARN 13178 --- [           main] ion$DefaultTemplateResolverConfiguration : Cannot find template location: classpath:/templates/ (please add some templates, check your Thymeleaf configuration, or set spring.thymeleaf.check-template-location=false)
2023-10-17T09:42:24.819+07:00  INFO 13178 --- [           main] c.l.s.m.ValidationdemoApplicationTests   : Started ValidationdemoApplicationTests in 1.101 seconds (process running for 1.883)
]]></system-out>
    <system-err><![CDATA[WARNING: A Java agent has been loaded dynamically (/home/hcm-mki-l2077/.m2/repository/net/bytebuddy/byte-buddy-agent/1.14.8/byte-buddy-agent-1.14.8.jar)
WARNING: If a serviceability tool is in use, please run with -XX:+EnableDynamicAgentLoading to hide this warning
WARNING: If a serviceability tool is not in use, please run with -Djdk.instrument.traceUsage for more information
WARNING: Dynamic loading of agents will be disallowed by default in a future release
]]></system-err>
  </testcase>
</testsuite>